#
# A fatal error has been detected by the Java Runtime Environment:
#
#  SIGSEGV (0xb) at pc=0x000000011508d63b, pid=4798, tid=0x0000000000000103
#
# JRE version: Java(TM) SE Runtime Environment (8.0_251-b08) (build 1.8.0_251-b08)
# Java VM: Java HotSpot(TM) 64-Bit Server VM (25.251-b08 mixed mode bsd-amd64 compressed oops)
# Problematic frame:
# C  [grid.so+0x1e63b]  initVP+0xab
#
# Failed to write core dump. Core dumps have been disabled. To enable core dumping, try "ulimit -c unlimited" before starting Java again
#
# If you would like to submit a bug report, please visit:
#   http://bugreport.java.com/bugreport/crash.jsp
# The crash happened outside the Java Virtual Machine in native code.
# See problematic frame for where to report the bug.
#

---------------  T H R E A D  ---------------

Current thread (0x00007f9f115e6000):  JavaThread "main" [_thread_in_native, id=259, stack(0x00007ffee05b3000,0x00007ffee0db3000)]

siginfo: si_signo: 11 (SIGSEGV), si_code: 0 (unknown), si_addr: 0x0000000000000000

Registers:
RAX=0x100007f9c02dc675, RBX=0x00007f9c04a71208, RCX=0x00000001100d96d8, RDX=0x000000000000002b
RSP=0x00007ffee0da7190, RBP=0x00007ffee0da71c0, RSI=0x00007f9f04860000, RDI=0x000000000000002c
R8 =0x000000001553660f, R9 =0x00000001100d8ee0, R10=0x000000000000000e, R11=0x00007f9f048c67b0
R12=0x00007f9ef52471d0, R13=0x00007f9ef3a2c020, R14=0x00007f9ef52471d0, R15=0x00007f9ef8e8c368
RIP=0x000000011508d63b, EFLAGS=0x0000000000010287, ERR=0x0000000000000000
  TRAPNO=0x000000000000000d

Top of Stack: (sp=0x00007ffee0da7190)
0x00007ffee0da7190:   00007f9ef522a3e0 00007f9f0f337388
0x00007ffee0da71a0:   00007f9ee2cd31c0 00000001100d96c0
0x00007ffee0da71b0:   00007f9ef52471d0 00007f9f028148e0
0x00007ffee0da71c0:   00007ffee0da7330 00000001150862d2
0x00007ffee0da71d0:   00007f9ef522a3e0 00007f9f028148e0
0x00007ffee0da71e0:   00007f9ef6cfc240 00007f9f095bdc88
0x00007ffee0da71f0:   00007f9ef522a3e0 00007f9f028148e0
0x00007ffee0da7200:   00007ffee0da7370 0000000115086400
0x00007ffee0da7210:   00000001100d96d8 00007f9f028148e0
0x00007ffee0da7220:   00007f9ee2fdf990 00007f9eff244548
0x00007ffee0da7230:   00007ffee0da7270 000000010fd0b2e4
0x00007ffee0da7240:   00000001100d96d8 00007f9efcabc108
0x00007ffee0da7250:   00007f9eff244580 00000001100d96c0
0x00007ffee0da7260:   00007f9ee2cd31c0 00007f9eff244580
0x00007ffee0da7270:   00007ffee0da72c0 000000010fd073c3
0x00007ffee0da7280:   00007f9f028148e0 00007f9f02a9e120
0x00007ffee0da7290:   000000010f346ef0 00007f9efcabc108
0x00007ffee0da72a0:   00000001100d96d8 00000001100d96c0
0x00007ffee0da72b0:   12e42dc5ab7a008a 00007f9c024c7000
0x00007ffee0da72c0:   00007f9ef52471d0 00007f9f028148e0
0x00007ffee0da72d0:   00007f9ee2cd31c0 00007f9ee2cd31c0
0x00007ffee0da72e0:   00007ffee0da7330 0000000112973110
0x00007ffee0da72f0:   12e42dc5ab7a008a 00007f9c024c7000
0x00007ffee0da7300:   12e42dc5ab7a008a 0000000000000007
0x00007ffee0da7310:   0000000000000002 00000001100d96c0
0x00007ffee0da7320:   00007f9ee2cd31c0 00007f9ef52471d0
0x00007ffee0da7330:   00007ffee0da7370 000000010fd13650
0x00007ffee0da7340:   0000000000000000 000000000000001e
0x00007ffee0da7350:   00007f9ef52471d0 0000000000000000
0x00007ffee0da7360:   00007f9f06bf3850 00000001100d96c0
0x00007ffee0da7370:   00007ffee0da73a0 000000010fd1389a
0x00007ffee0da7380:   00007ffee0da7820 0000000000000001 

Instructions: (pc=0x000000011508d63b)
0x000000011508d61b:   00 00 be 02 00 00 00 bf 0e 00 00 00 e8 6c 02 00
0x000000011508d62b:   00 48 89 c3 48 89 c7 e8 2d 03 00 00 49 8b 04 24
0x000000011508d63b:   4c 8b 30 48 89 df e8 e0 01 00 00 4c 89 30 49 8b
0x000000011508d64b:   04 24 4c 8b 70 08 48 89 df e8 cd 01 00 00 4c 89 

Register to memory mapping:

RAX=0x100007f9c02dc675 is an unknown value
RBX=0x00007f9c04a71208 is an unknown value
RCX=0x00000001100d96d8: R_PPStackTop+0 in /Library/Frameworks/R.framework/Versions/4.1/Resources/lib/libR.dylib at 0x000000010fc75000
RDX=0x000000000000002b is an unknown value
RSP=0x00007ffee0da7190 is pointing into the stack for thread: 0x00007f9f115e6000
RBP=0x00007ffee0da71c0 is pointing into the stack for thread: 0x00007f9f115e6000
RSI=0x00007f9f04860000 is an unknown value
RDI=0x000000000000002c is an unknown value
R8 =0x000000001553660f is an unknown value
R9 =0x00000001100d8ee0: R_EvalDepth+0 in /Library/Frameworks/R.framework/Versions/4.1/Resources/lib/libR.dylib at 0x000000010fc75000
R10=0x000000000000000e is an unknown value
R11=0x00007f9f048c67b0 is an unknown value
R12=0x00007f9ef52471d0 is an unknown value
R13=0x00007f9ef3a2c020 is an unknown value
R14=0x00007f9ef52471d0 is an unknown value
R15=0x00007f9ef8e8c368 is an unknown value


Stack: [0x00007ffee05b3000,0x00007ffee0db3000],  sp=0x00007ffee0da7190,  free space=8144k
Native frames: (J=compiled Java code, j=interpreted, Vv=VM code, C=native code)
C  [grid.so+0x1e63b]  initVP+0xab
C  [grid.so+0x172d2]  gridCallback+0x322
C  [libR.dylib+0x9e650]  GEplayDisplayList+0x60
C  [libR.dylib+0x9e89a]  GEcopyDisplayList+0x9a
C  [rsession+0x9bd1d0]  rstudio_boost::asio::detail::descriptor_write_op_base<rstudio_boost::asio::const_buffers_1>::do_perform(rstudio_boost::asio::detail::reactor_op*)+0x7cdd0
C  [libR.dylib+0x8736c]  R_doDotCall+0x58c
C  [libR.dylib+0x88d1e]  do_dotcall+0x14e
C  [libR.dylib+0xb8b46]  Rf_eval+0x5c6
C  [libR.dylib+0xd6a7c]  forcePromise+0xac
C  [libR.dylib+0xe20ca]  getvar+0x30a
C  [libR.dylib+0xbc887]  bcEval+0x3ad7
C  [libR.dylib+0xb8701]  Rf_eval+0x181
C  [libR.dylib+0xd6a7c]  forcePromise+0xac
C  [libR.dylib+0xe20ca]  getvar+0x30a
C  [libR.dylib+0xbc887]  bcEval+0x3ad7
C  [libR.dylib+0xb8701]  Rf_eval+0x181
C  [libR.dylib+0xd6a7c]  forcePromise+0xac
C  [libR.dylib+0xe20ca]  getvar+0x30a
C  [libR.dylib+0xbc887]  bcEval+0x3ad7
C  [libR.dylib+0xb8701]  Rf_eval+0x181
C  [libR.dylib+0xd6a7c]  forcePromise+0xac
C  [libR.dylib+0xe20ca]  getvar+0x30a
C  [libR.dylib+0xbc887]  bcEval+0x3ad7
C  [libR.dylib+0xb8701]  Rf_eval+0x181
C  [libR.dylib+0xd8579]  R_execClosure+0x879
C  [libR.dylib+0xd7367]  Rf_applyClosure+0x1d7
C  [libR.dylib+0xbf64e]  bcEval+0x689e
C  [libR.dylib+0xb8701]  Rf_eval+0x181
C  [libR.dylib+0xd8579]  R_execClosure+0x879
C  [libR.dylib+0xd7367]  Rf_applyClosure+0x1d7
C  [libR.dylib+0xbf64e]  bcEval+0x689e
C  [libR.dylib+0xb8701]  Rf_eval+0x181
C  [libR.dylib+0xd8579]  R_execClosure+0x879
C  [libR.dylib+0xd7367]  Rf_applyClosure+0x1d7
C  [libR.dylib+0xbf64e]  bcEval+0x689e
C  [libR.dylib+0xb8701]  Rf_eval+0x181
C  [libR.dylib+0xd8579]  R_execClosure+0x879
C  [libR.dylib+0xd7367]  Rf_applyClosure+0x1d7
C  [libR.dylib+0xb8bbb]  Rf_eval+0x63b
C  [libR.dylib+0xdaf1e]  do_begin+0x1ce
C  [libR.dylib+0xb88f7]  Rf_eval+0x377
C  [libR.dylib+0xd8579]  R_execClosure+0x879
C  [libR.dylib+0xd7367]  Rf_applyClosure+0x1d7
C  [libR.dylib+0xb8bbb]  Rf_eval+0x63b
C  [libR.dylib+0x73484]  protectedEval+0x24
C  [libR.dylib+0x7335d]  R_ToplevelExec+0x27d
C  [libR.dylib+0x7342c]  R_tryEval+0x2c
C  [rsession+0x97c3b0]  rstudio_boost::asio::detail::descriptor_write_op_base<rstudio_boost::asio::const_buffers_1>::do_perform(rstudio_boost::asio::detail::reactor_op*)+0x3bfb0
C  [rsession+0x97d87e]  rstudio_boost::asio::detail::descriptor_write_op_base<rstudio_boost::asio::const_buffers_1>::do_perform(rstudio_boost::asio::detail::reactor_op*)+0x3d47e
C  [rsession+0x97d70f]  rstudio_boost::asio::detail::descriptor_write_op_base<rstudio_boost::asio::const_buffers_1>::do_perform(rstudio_boost::asio::detail::reactor_op*)+0x3d30f
C  [rsession+0x9e7e41]  rstudio_boost::asio::detail::descriptor_write_op_base<rstudio_boost::asio::const_buffers_1>::do_perform(rstudio_boost::asio::detail::reactor_op*)+0xa7a41
C  [rsession+0x9e7b23]  rstudio_boost::asio::detail::descriptor_write_op_base<rstudio_boost::asio::const_buffers_1>::do_perform(rstudio_boost::asio::detail::reactor_op*)+0xa7723
C  [rsession+0x9c67a1]  rstudio_boost::asio::detail::descriptor_write_op_base<rstudio_boost::asio::const_buffers_1>::do_perform(rstudio_boost::asio::detail::reactor_op*)+0x863a1
C  [rsession+0x9cb904]  rstudio_boost::asio::detail::descriptor_write_op_base<rstudio_boost::asio::const_buffers_1>::do_perform(rstudio_boost::asio::detail::reactor_op*)+0x8b504
C  [rsession+0x9cca2f]  rstudio_boost::asio::detail::descriptor_write_op_base<rstudio_boost::asio::const_buffers_1>::do_perform(rstudio_boost::asio::detail::reactor_op*)+0x8c62f
C  [rsession+0x9d8d8c]  rstudio_boost::asio::detail::descriptor_write_op_base<rstudio_boost::asio::const_buffers_1>::do_perform(rstudio_boost::asio::detail::reactor_op*)+0x9898c
C  [rsession+0x3a49f6]  rstudio_boost::asio::execution_context::service* rstudio_boost::asio::detail::service_registry::create<rstudio_boost::asio::detail::reactive_socket_service<rstudio_boost::asio::local::stream_protocol>, rstudio_boost::asio::io_context>(void*)+0x1c76a6
C  [rsession+0x174ea9]  rstudio_boost::asio::detail::reactive_socket_accept_op_base<rstudio_boost::asio::basic_socket<rstudio_boost::asio::ip::tcp>, rstudio_boost::asio::ip::tcp>::do_perform(rstudio_boost::asio::detail::reactor_op*)+0xabb79
C  [rsession+0x174b01]  rstudio_boost::asio::detail::reactive_socket_accept_op_base<rstudio_boost::asio::basic_socket<rstudio_boost::asio::ip::tcp>, rstudio_boost::asio::ip::tcp>::do_perform(rstudio_boost::asio::detail::reactor_op*)+0xab7d1
C  [rsession+0x19aa9b]  rstudio_boost::asio::detail::reactive_socket_accept_op_base<rstudio_boost::asio::basic_socket<rstudio_boost::asio::ip::tcp>, rstudio_boost::asio::ip::tcp>::do_perform(rstudio_boost::asio::detail::reactor_op*)+0xd176b
C  [rsession+0x107e05]  rstudio_boost::asio::detail::reactive_socket_accept_op_base<rstudio_boost::asio::basic_socket<rstudio_boost::asio::ip::tcp>, rstudio_boost::asio::ip::tcp>::do_perform(rstudio_boost::asio::detail::reactor_op*)+0x3ead5
C  [rsession+0x9e9a32]  rstudio_boost::asio::detail::descriptor_write_op_base<rstudio_boost::asio::const_buffers_1>::do_perform(rstudio_boost::asio::detail::reactor_op*)+0xa9632
C  [libR.dylib+0x20b056]  R_ProcessEvents+0x36
C  [libR.dylib+0xb046d]  R_CheckUserInterrupt+0x4d
C  [libR.dylib+0xbb73f]  bcEval+0x298f
C  [libR.dylib+0xb8701]  Rf_eval+0x181
C  [libR.dylib+0xd8579]  R_execClosure+0x879
C  [libR.dylib+0xd7367]  Rf_applyClosure+0x1d7
C  [libR.dylib+0xde117]  Rf_DispatchGroup+0x987
C  [libR.dylib+0xe22fc]  cmp_arith2+0xdc
C  [libR.dylib+0xc18fa]  bcEval+0x8b4a
C  [libR.dylib+0xb8701]  Rf_eval+0x181
C  [libR.dylib+0xd8579]  R_execClosure+0x879
C  [libR.dylib+0xd7367]  Rf_applyClosure+0x1d7
C  [libR.dylib+0xb8bbb]  Rf_eval+0x63b
C  [libR.dylib+0x10dce7]  Rf_ReplIteration+0x327
C  [libR.dylib+0x10f3c1]  R_ReplConsole+0xa1
C  [libR.dylib+0x10f312]  run_Rmainloop+0x52
C  [libR.dylib+0x10f44e]  Rf_mainloop+0xe
C  [rsession+0x9e9170]  rstudio_boost::asio::detail::descriptor_write_op_base<rstudio_boost::asio::const_buffers_1>::do_perform(rstudio_boost::asio::detail::reactor_op*)+0xa8d70
C  [rsession+0x9bc3f4]  rstudio_boost::asio::detail::descriptor_write_op_base<rstudio_boost::asio::const_buffers_1>::do_perform(rstudio_boost::asio::detail::reactor_op*)+0x7bff4
C  [rsession+0x1528bb]  rstudio_boost::asio::detail::reactive_socket_accept_op_base<rstudio_boost::asio::basic_socket<rstudio_boost::asio::ip::tcp>, rstudio_boost::asio::ip::tcp>::do_perform(rstudio_boost::asio::detail::reactor_op*)+0x8958b
C  [libdyld.dylib+0x15f3d]  start+0x1
C  0x000000000000000b


---------------  P R O C E S S  ---------------

Java Threads: ( => current thread )
  0x00007f9f004cc800 JavaThread "Service Thread" daemon [_thread_blocked, id=41731, stack(0x0000700001cb9000,0x0000700001eb9000)]
  0x00007f9ef5b98800 JavaThread "C1 CompilerThread2" daemon [_thread_blocked, id=22531, stack(0x0000700001bb6000,0x0000700001cb6000)]
  0x00007f9efadaa800 JavaThread "C2 CompilerThread1" daemon [_thread_blocked, id=42243, stack(0x0000700001ab3000,0x0000700001bb3000)]
  0x00007f9efaf6c800 JavaThread "C2 CompilerThread0" daemon [_thread_blocked, id=42755, stack(0x00007000019b0000,0x0000700001ab0000)]
  0x00007f9ef586c800 JavaThread "Attach Listener" daemon [_thread_blocked, id=43011, stack(0x00007000017ad000,0x00007000019ad000)]
  0x00007f9ef6a31000 JavaThread "Finalizer" daemon [_thread_blocked, id=15363, stack(0x00007000015aa000,0x00007000017aa000)]
  0x00007f9efc643000 JavaThread "Reference Handler" daemon [_thread_blocked, id=15875, stack(0x00007000013a7000,0x00007000015a7000)]
=>0x00007f9f115e6000 JavaThread "main" [_thread_in_native, id=259, stack(0x00007ffee05b3000,0x00007ffee0db3000)]

Other Threads:
  0x00007f9f00a2d000 VMThread [stack: 0x00007000012a4000,0x00007000013a4000] [id=16387]
  0x00007f9ee43a2800 WatcherThread [stack: 0x0000700001ebc000,0x0000700001fbc000] [id=41219]

VM state:not at safepoint (normal execution)

VM Mutex/Monitor currently owned by a thread: None

heap address: 0x00000007a0000000, size: 512 MB, Compressed Oops mode: Zero based, Oop shift amount: 3
Narrow klass base: 0x0000000000000000, Narrow klass shift: 3
Compressed class space size: 1073741824 Address: 0x00000007c0000000

Heap:
 PSYoungGen      total 38400K, used 12344K [0x00000007b5580000, 0x00000007b8000000, 0x00000007c0000000)
  eden space 33280K, 21% used [0x00000007b5580000,0x00000007b5c957e8,0x00000007b7600000)
  from space 5120K, 99% used [0x00000007b7600000,0x00000007b7af8b70,0x00000007b7b00000)
  to   space 5120K, 0% used [0x00000007b7b00000,0x00000007b7b00000,0x00000007b8000000)
 ParOldGen       total 87552K, used 34931K [0x00000007a0000000, 0x00000007a5580000, 0x00000007b5580000)
  object space 87552K, 39% used [0x00000007a0000000,0x00000007a221cfb0,0x00000007a5580000)
 Metaspace       used 11425K, capacity 11604K, committed 11648K, reserved 1058816K
  class space    used 1367K, capacity 1408K, committed 1408K, reserved 1048576K

Card table byte_map: [0x00000001166c0000,0x00000001167c1000] byte_map_base: 0x00000001129c0000

Marking Bits: (ParMarkBitMap*) 0x0000000118d98f60
 Begin Bits: [0x000000012b399000, 0x000000012bb99000)
 End Bits:   [0x000000012bb99000, 0x000000012c399000)

Polling page: 0x0000000115d2b000

CodeCache: size=245760Kb used=6648Kb max_used=6669Kb free=239111Kb
 bounds [0x000000011c399000, 0x000000011ca29000, 0x000000012b399000]
 total_blobs=1884 nmethods=1544 adapters=252
 compilation: enabled

Compilation events (10 events):
Event: 573.764 Thread 0x00007f9ef5b98800 1582       3       sun.misc.FDBigInteger::rightInplaceSub (351 bytes)
Event: 573.766 Thread 0x00007f9ef5b98800 nmethod 1582 0x000000011ca12c10 code [0x000000011ca12e80, 0x000000011ca13e28]
Event: 573.997 Thread 0x00007f9efadaa800 1583       4       org.apache.poi.xssf.usermodel.XSSFCell::getRichStringCellValue (5 bytes)
Event: 573.999 Thread 0x00007f9efaf6c800 1584       4       org.apache.poi.xssf.usermodel.XSSFCell::getRichStringCellValue (309 bytes)
Event: 574.041 Thread 0x00007f9efaf6c800 nmethod 1584 0x000000011ca1c2d0 code [0x000000011ca1c6e0, 0x000000011ca1eba8]
Event: 574.041 Thread 0x00007f9efaf6c800 1585   !   4       org.apache.xmlbeans.impl.schema.SchemaTypeImpl::ensureStringEnumInfo (429 bytes)
Event: 574.042 Thread 0x00007f9efaf6c800 nmethod 1585 0x000000011c9d9a90 code [0x000000011c9d9be0, 0x000000011c9d9c58]
Event: 574.042 Thread 0x00007f9efaf6c800 1586       4       org.apache.poi.xssf.usermodel.XSSFRichTextString::setStylesTableReference (142 bytes)
Event: 574.045 Thread 0x00007f9efaf6c800 nmethod 1586 0x000000011ca04a10 code [0x000000011ca04ba0, 0x000000011ca05128]
Event: 574.046 Thread 0x00007f9efadaa800 nmethod 1583 0x000000011ca21110 code [0x000000011ca21520, 0x000000011ca23a08]

GC Heap History (6 events):
Event: 31.986 GC heap before
{Heap before GC invocations=1 (full 0):
 PSYoungGen      total 38400K, used 33280K [0x00000007b5580000, 0x00000007b8000000, 0x00000007c0000000)
  eden space 33280K, 100% used [0x00000007b5580000,0x00000007b7600000,0x00000007b7600000)
  from space 5120K, 0% used [0x00000007b7b00000,0x00000007b7b00000,0x00000007b8000000)
  to   space 5120K, 0% used [0x00000007b7600000,0x00000007b7600000,0x00000007b7b00000)
 ParOldGen       total 87552K, used 0K [0x00000007a0000000, 0x00000007a5580000, 0x00000007b5580000)
  object space 87552K, 0% used [0x00000007a0000000,0x00000007a0000000,0x00000007a5580000)
 Metaspace       used 10416K, capacity 10552K, committed 10880K, reserved 1058816K
  class space    used 1276K, capacity 1302K, committed 1408K, reserved 1048576K
Event: 31.995 GC heap after
Heap after GC invocations=1 (full 0):
 PSYoungGen      total 38400K, used 5107K [0x00000007b5580000, 0x00000007b8000000, 0x00000007c0000000)
  eden space 33280K, 0% used [0x00000007b5580000,0x00000007b5580000,0x00000007b7600000)
  from space 5120K, 99% used [0x00000007b7600000,0x00000007b7afcd20,0x00000007b7b00000)
  to   space 5120K, 0% used [0x00000007b7b00000,0x00000007b7b00000,0x00000007b8000000)
 ParOldGen       total 87552K, used 4895K [0x00000007a0000000, 0x00000007a5580000, 0x00000007b5580000)
  object space 87552K, 5% used [0x00000007a0000000,0x00000007a04c7d10,0x00000007a5580000)
 Metaspace       used 10416K, capacity 10552K, committed 10880K, reserved 1058816K
  class space    used 1276K, capacity 1302K, committed 1408K, reserved 1048576K
}
Event: 49.915 GC heap before
{Heap before GC invocations=2 (full 0):
 PSYoungGen      total 38400K, used 38387K [0x00000007b5580000, 0x00000007b8000000, 0x00000007c0000000)
  eden space 33280K, 100% used [0x00000007b5580000,0x00000007b7600000,0x00000007b7600000)
  from space 5120K, 99% used [0x00000007b7600000,0x00000007b7afcd20,0x00000007b7b00000)
  to   space 5120K, 0% used [0x00000007b7b00000,0x00000007b7b00000,0x00000007b8000000)
 ParOldGen       total 87552K, used 4895K [0x00000007a0000000, 0x00000007a5580000, 0x00000007b5580000)
  object space 87552K, 5% used [0x00000007a0000000,0x00000007a04c7d10,0x00000007a5580000)
 Metaspace       used 11356K, capacity 11516K, committed 11648K, reserved 1058816K
  class space    used 1364K, capacity 1404K, committed 1408K, reserved 1048576K
Event: 49.934 GC heap after
Heap after GC invocations=2 (full 0):
 PSYoungGen      total 38400K, used 5095K [0x00000007b5580000, 0x00000007b8000000, 0x00000007c0000000)
  eden space 33280K, 0% used [0x00000007b5580000,0x00000007b5580000,0x00000007b7600000)
  from space 5120K, 99% used [0x00000007b7b00000,0x00000007b7ff9cc0,0x00000007b8000000)
  to   space 5120K, 0% used [0x00000007b7600000,0x00000007b7600000,0x00000007b7b00000)
 ParOldGen       total 87552K, used 20359K [0x00000007a0000000, 0x00000007a5580000, 0x00000007b5580000)
  object space 87552K, 23% used [0x00000007a0000000,0x00000007a13e1fe8,0x00000007a5580000)
 Metaspace       used 11356K, capacity 11516K, committed 11648K, reserved 1058816K
  class space    used 1364K, capacity 1404K, committed 1408K, reserved 1048576K
}
Event: 570.624 GC heap before
{Heap before GC invocations=3 (full 0):
 PSYoungGen      total 38400K, used 38375K [0x00000007b5580000, 0x00000007b8000000, 0x00000007c0000000)
  eden space 33280K, 100% used [0x00000007b5580000,0x00000007b7600000,0x00000007b7600000)
  from space 5120K, 99% used [0x00000007b7b00000,0x00000007b7ff9cc0,0x00000007b8000000)
  to   space 5120K, 0% used [0x00000007b7600000,0x00000007b7600000,0x00000007b7b00000)
 ParOldGen       total 87552K, used 20359K [0x00000007a0000000, 0x00000007a5580000, 0x00000007b5580000)
  object space 87552K, 23% used [0x00000007a0000000,0x00000007a13e1fe8,0x00000007a5580000)
 Metaspace       used 11417K, capacity 11604K, committed 11648K, reserved 1058816K
  class space    used 1367K, capacity 1408K, committed 1408K, reserved 1048576K
Event: 570.654 GC heap after
Heap after GC invocations=3 (full 0):
 PSYoungGen      total 38400K, used 5090K [0x00000007b5580000, 0x00000007b8000000, 0x00000007c0000000)
  eden space 33280K, 0% used [0x00000007b5580000,0x00000007b5580000,0x00000007b7600000)
  from space 5120K, 99% used [0x00000007b7600000,0x00000007b7af8b70,0x00000007b7b00000)
  to   space 5120K, 0% used [0x00000007b7b00000,0x00000007b7b00000,0x00000007b8000000)
 ParOldGen       total 87552K, used 34931K [0x00000007a0000000, 0x00000007a5580000, 0x00000007b5580000)
  object space 87552K, 39% used [0x00000007a0000000,0x00000007a221cfb0,0x00000007a5580000)
 Metaspace       used 11417K, capacity 11604K, committed 11648K, reserved 1058816K
  class space    used 1367K, capacity 1408K, committed 1408K, reserved 1048576K
}

Deoptimization events (10 events):
Event: 49.895 Thread 0x00007f9f115e6000 Uncommon trap: reason=unstable_if action=reinterpret pc=0x000000011c720644 method=org.apache.xmlbeans.impl.piccolo.xml.PiccoloLexer.parseCdataLiteral(CI)V @ 371
Event: 49.935 Thread 0x00007f9f115e6000 Uncommon trap: reason=bimorphic action=maybe_recompile pc=0x000000011c8ce924 method=org.apache.xmlbeans.impl.values.XmlObjectBase.create_element_user(Ljavax/xml/namespace/QName;Ljavax/xml/namespace/QName;)Lorg/apache/xmlbeans/impl/values/TypeStoreUser; @ 
Event: 49.960 Thread 0x00007f9f115e6000 Uncommon trap: reason=unstable_if action=reinterpret pc=0x000000011c8b5660 method=org.apache.xmlbeans.impl.store.Locale$nthCache.distance(Lorg/apache/xmlbeans/impl/store/Xobj;Ljavax/xml/namespace/QName;Lorg/apache/xmlbeans/QNameSet;I)I @ 31
Event: 49.960 Thread 0x00007f9f115e6000 Uncommon trap: reason=unstable_if action=reinterpret pc=0x000000011c890068 method=org.apache.xmlbeans.impl.store.Locale$nthCache.distance(Lorg/apache/xmlbeans/impl/store/Xobj;Ljavax/xml/namespace/QName;Lorg/apache/xmlbeans/QNameSet;I)I @ 31
Event: 49.960 Thread 0x00007f9f115e6000 Uncommon trap: reason=unstable_if action=reinterpret pc=0x000000011c8857a0 method=org.apache.xmlbeans.impl.store.Locale$nthCache.fetch(Lorg/apache/xmlbeans/impl/store/Xobj;Ljavax/xml/namespace/QName;Lorg/apache/xmlbeans/QNameSet;I)Lorg/apache/xmlbeans/imp
Event: 49.960 Thread 0x00007f9f115e6000 Uncommon trap: reason=unstable_if action=reinterpret pc=0x000000011c8b3200 method=org.apache.xmlbeans.impl.store.Locale$nthCache.distance(Lorg/apache/xmlbeans/impl/store/Xobj;Ljavax/xml/namespace/QName;Lorg/apache/xmlbeans/QNameSet;I)I @ 31
Event: 52.390 Thread 0x00007f9f115e6000 Uncommon trap: reason=unstable_if action=reinterpret pc=0x000000011c91efec method=sun.misc.FloatingDecimal.readJavaFormatString(Ljava/lang/String;)Lsun/misc/FloatingDecimal$ASCIIToBinaryConverter; @ 169
Event: 53.220 Thread 0x00007f9f115e6000 Uncommon trap: reason=bimorphic action=maybe_recompile pc=0x000000011c922ea4 method=org.apache.xmlbeans.impl.values.XmlObjectBase.get_attributeflags(Ljavax/xml/namespace/QName;)I @ 10
Event: 53.220 Thread 0x00007f9f115e6000 Uncommon trap: reason=bimorphic action=maybe_recompile pc=0x000000011c922ea4 method=org.apache.xmlbeans.impl.values.XmlObjectBase.get_attributeflags(Ljavax/xml/namespace/QName;)I @ 10
Event: 570.569 Thread 0x00007f9f115e6000 Uncommon trap: reason=bimorphic action=maybe_recompile pc=0x000000011c8bfad4 method=org.apache.xmlbeans.impl.values.XmlObjectBase.getStringValue()Ljava/lang/String; @ 86

Classes redefined (0 events):
No events

Internal exceptions (10 events):
Event: 0.740 Thread 0x00007f9f115e6000 Exception <a 'java/security/PrivilegedActionException'> (0x00000007b6089158) thrown at [/jenkins/workspace/8-2-build-macosx-x86_64/jdk8u251/737/hotspot/src/share/vm/prims/jvm.cpp, line 1502]
Event: 0.740 Thread 0x00007f9f115e6000 Exception <a 'java/security/PrivilegedActionException'> (0x00000007b6092470) thrown at [/jenkins/workspace/8-2-build-macosx-x86_64/jdk8u251/737/hotspot/src/share/vm/prims/jvm.cpp, line 1502]
Event: 0.740 Thread 0x00007f9f115e6000 Exception <a 'java/security/PrivilegedActionException'> (0x00000007b6092868) thrown at [/jenkins/workspace/8-2-build-macosx-x86_64/jdk8u251/737/hotspot/src/share/vm/prims/jvm.cpp, line 1502]
Event: 32.190 Thread 0x00007f9f115e6000 Exception <a 'java/lang/NoSuchFieldError': TYPE> (0x00000007b64d8790) thrown at [/jenkins/workspace/8-2-build-macosx-x86_64/jdk8u251/737/hotspot/src/share/vm/prims/jni.cpp, line 2600]
Event: 32.192 Thread 0x00007f9f115e6000 Exception <a 'java/lang/NoSuchFieldError': TYPE> (0x00000007b64dbc30) thrown at [/jenkins/workspace/8-2-build-macosx-x86_64/jdk8u251/737/hotspot/src/share/vm/prims/jni.cpp, line 2600]
Event: 34.638 Thread 0x00007f9f115e6000 Implicit null exception at 0x000000011c7d0d92 to 0x000000011c7d6dc5
Event: 49.965 Thread 0x00007f9f115e6000 Exception <a 'java/lang/NoSuchFieldError': TYPE> (0x00000007b5e3ace0) thrown at [/jenkins/workspace/8-2-build-macosx-x86_64/jdk8u251/737/hotspot/src/share/vm/prims/jni.cpp, line 2600]
Event: 49.967 Thread 0x00007f9f115e6000 Exception <a 'java/lang/NoSuchFieldError': TYPE> (0x00000007b5e3e158) thrown at [/jenkins/workspace/8-2-build-macosx-x86_64/jdk8u251/737/hotspot/src/share/vm/prims/jni.cpp, line 2600]
Event: 570.659 Thread 0x00007f9f115e6000 Exception <a 'java/lang/NoSuchFieldError': TYPE> (0x00000007b55fb668) thrown at [/jenkins/workspace/8-2-build-macosx-x86_64/jdk8u251/737/hotspot/src/share/vm/prims/jni.cpp, line 2600]
Event: 570.660 Thread 0x00007f9f115e6000 Exception <a 'java/lang/NoSuchFieldError': TYPE> (0x00000007b55feae0) thrown at [/jenkins/workspace/8-2-build-macosx-x86_64/jdk8u251/737/hotspot/src/share/vm/prims/jni.cpp, line 2600]

Events (10 events):
Event: 570.570 Thread 0x00007f9f115e6000 DEOPT PACKING pc=0x000000011c8bfad4 sp=0x00007ffee0daa790
Event: 570.570 Thread 0x00007f9f115e6000 DEOPT UNPACKING pc=0x000000011c3de73a sp=0x00007ffee0daa7f0 mode 2
Event: 570.590 Thread 0x00007f9f115e6000 DEOPT PACKING pc=0x000000011c717ce1 sp=0x00007ffee0daa2e0
Event: 570.590 Thread 0x00007f9f115e6000 DEOPT UNPACKING pc=0x000000011c3e0784 sp=0x00007ffee0daa058 mode 0
Event: 570.592 Thread 0x00007f9f115e6000 DEOPT PACKING pc=0x000000011c717ce1 sp=0x00007ffee0daa2e0
Event: 570.592 Thread 0x00007f9f115e6000 DEOPT UNPACKING pc=0x000000011c3e0784 sp=0x00007ffee0daa058 mode 0
Event: 570.595 Thread 0x00007f9f115e6000 DEOPT PACKING pc=0x000000011c717ce1 sp=0x00007ffee0daa2e0
Event: 570.595 Thread 0x00007f9f115e6000 DEOPT UNPACKING pc=0x000000011c3e0784 sp=0x00007ffee0daa058 mode 0
Event: 570.624 Executing VM operation: ParallelGCFailedAllocation
Event: 570.654 Executing VM operation: ParallelGCFailedAllocation done


Dynamic libraries:
0x000000010fc75000 	/Library/Frameworks/R.framework/Versions/4.1/Resources/lib/libR.dylib
0x00007fff22c61000 	/System/Library/Frameworks/AppKit.framework/Versions/C/AppKit
0x00007fff25f5b000 	/usr/lib/libsqlite3.dylib
0x000000011018f000 	/Applications/RStudio.app/Contents/Frameworks/libpq.5.dylib
0x00007fff2a57a000 	/usr/lib/libSystem.B.dylib
0x00007fff2a4b2000 	/usr/lib/libz.1.dylib
0x00007fff2ff18000 	/System/Library/Frameworks/CoreServices.framework/Versions/A/CoreServices
0x00000001101df000 	/Applications/RStudio.app/Contents/Frameworks/libssl.1.1.dylib
0x000000011026d000 	/Applications/RStudio.app/Contents/Frameworks/libcrypto.1.1.dylib
0x00007fff202ff000 	/usr/lib/libc++.1.dylib
0x00007fff20419000 	/System/Library/Frameworks/CoreFoundation.framework/Versions/A/CoreFoundation
0x00007fff211c8000 	/System/Library/Frameworks/Foundation.framework/Versions/C/Foundation
0x00007fff20239000 	/usr/lib/libobjc.A.dylib
0x00007fff239ad000 	/System/Library/PrivateFrameworks/UIFoundation.framework/Versions/A/UIFoundation
0x00007fff2fbad000 	/System/Library/PrivateFrameworks/RemoteViewServices.framework/Versions/A/RemoteViewServices
0x00007fff289be000 	/System/Library/PrivateFrameworks/XCTTargetBootstrap.framework/Versions/A/XCTTargetBootstrap
0x00007fff2b6a3000 	/usr/lib/libspindump.dylib
0x00007fff23bfc000 	/System/Library/Frameworks/UniformTypeIdentifiers.framework/Versions/A/UniformTypeIdentifiers
0x00007fff271c2000 	/usr/lib/libapp_launch_measurement.dylib
0x00007fff271c5000 	/System/Library/PrivateFrameworks/CoreAutoLayout.framework/Versions/A/CoreAutoLayout
0x00007fff28325000 	/System/Library/Frameworks/Metal.framework/Versions/A/Metal
0x00007fff2901b000 	/usr/lib/liblangid.dylib
0x00007fff289c2000 	/System/Library/PrivateFrameworks/CoreSVG.framework/Versions/A/CoreSVG
0x00007fff24c3c000 	/System/Library/PrivateFrameworks/SkyLight.framework/Versions/A/SkyLight
0x00007fff24fa2000 	/System/Library/Frameworks/CoreGraphics.framework/Versions/A/CoreGraphics
0x00007fff300d4000 	/System/Library/Frameworks/Accelerate.framework/Versions/A/Accelerate
0x00007fff2b0e1000 	/System/Library/PrivateFrameworks/IconServices.framework/Versions/A/IconServices
0x00007fff28309000 	/System/Library/Frameworks/IOSurface.framework/Versions/A/IOSurface
0x00007fff264ad000 	/usr/lib/libDiagnosticMessagesClient.dylib
0x00007fff330f3000 	/System/Library/Frameworks/ApplicationServices.framework/Versions/A/ApplicationServices
0x00007fff289aa000 	/System/Library/PrivateFrameworks/DFRFoundation.framework/Versions/A/DFRFoundation
0x00007fff22588000 	/usr/lib/libicucore.A.dylib
0x00007fff2cbec000 	/System/Library/Frameworks/AudioToolbox.framework/Versions/A/AudioToolbox
0x00007fff25b25000 	/System/Library/Frameworks/CoreData.framework/Versions/A/CoreData
0x00007fff2be74000 	/System/Library/PrivateFrameworks/DataDetectorsCore.framework/Versions/A/DataDetectorsCore
0x00007fff24baf000 	/usr/lib/libMobileGestalt.dylib
0x00007fff286ae000 	/System/Library/Frameworks/Carbon.framework/Versions/A/Frameworks/HIToolbox.framework/Versions/A/HIToolbox
0x00007fff26c07000 	/System/Library/Frameworks/QuartzCore.framework/Versions/A/QuartzCore
0x00007fff22230000 	/System/Library/Frameworks/Security.framework/Versions/A/Security
0x00007fff2fbe5000 	/System/Library/Frameworks/Carbon.framework/Versions/A/Frameworks/SpeechRecognition.framework/Versions/A/SpeechRecognition
0x00007fff26f27000 	/System/Library/PrivateFrameworks/CoreUI.framework/Versions/A/CoreUI
0x00007fff21b9e000 	/System/Library/Frameworks/CoreAudio.framework/Versions/A/CoreAudio
0x00007fff26598000 	/System/Library/Frameworks/DiskArbitration.framework/Versions/A/DiskArbitration
0x00007fff2ba71000 	/System/Library/PrivateFrameworks/MultitouchSupport.framework/Versions/A/MultitouchSupport
0x00007fff2be6b000 	/System/Library/PrivateFrameworks/InternationalSupport.framework/Versions/A/InternationalSupport
0x00007fff24bae000 	/usr/lib/libenergytrace.dylib
0x00007fff22b58000 	/System/Library/Frameworks/IOKit.framework/Versions/A/IOKit
0x00007fff27154000 	/System/Library/PrivateFrameworks/PerformanceAnalysis.framework/Versions/A/PerformanceAnalysis
0x00007fff6ba83000 	/System/Library/Frameworks/OpenGL.framework/Versions/A/OpenGL
0x00007fff2beef000 	/System/Library/PrivateFrameworks/UserActivity.framework/Versions/A/UserActivity
0x00007fff2562c000 	/System/Library/Frameworks/ColorSync.framework/Versions/A/ColorSync
0x00007fff28c29000 	/System/Library/Frameworks/CoreImage.framework/Versions/A/CoreImage
0x00007fff219b8000 	/System/Library/Frameworks/CoreText.framework/Versions/A/CoreText
0x00007fff289ec000 	/System/Library/Frameworks/ImageIO.framework/Versions/A/ImageIO
0x00007fff2a580000 	/System/Library/PrivateFrameworks/SoftLinking.framework/Versions/A/SoftLinking
0x00007fff2720d000 	/usr/lib/libxml2.2.dylib
0x00007fff2a7f1000 	/usr/lib/libcompression.dylib
0x00007fff2bd9d000 	/System/Library/PrivateFrameworks/TextureIO.framework/Versions/A/TextureIO
0x00007fff2ae20000 	/usr/lib/libate.dylib
0x00007fff2a574000 	/usr/lib/system/libcache.dylib
0x00007fff2a530000 	/usr/lib/system/libcommonCrypto.dylib
0x00007fff2a55a000 	/usr/lib/system/libcompiler_rt.dylib
0x00007fff2a54f000 	/usr/lib/system/libcopyfile.dylib
0x00007fff20129000 	/usr/lib/system/libcorecrypto.dylib
0x00007fff201f4000 	/usr/lib/system/libdispatch.dylib
0x00007fff203a7000 	/usr/lib/system/libdyld.dylib
0x00007fff2a56b000 	/usr/lib/system/libkeymgr.dylib
0x00007fff2d983000 	/usr/lib/system/liblaunch.dylib
0x00007fff2a50e000 	/usr/lib/system/libmacho.dylib
0x00007fff29d06000 	/usr/lib/system/libquarantine.dylib
0x00007fff2a568000 	/usr/lib/system/libremovefile.dylib
0x00007fff24c0c000 	/usr/lib/system/libsystem_asl.dylib
0x00007fff200d9000 	/usr/lib/system/libsystem_blocks.dylib
0x00007fff20276000 	/usr/lib/system/libsystem_c.dylib
0x00007fff2a562000 	/usr/lib/system/libsystem_collections.dylib
0x00007fff2900c000 	/usr/lib/system/libsystem_configuration.dylib
0x00007fff282f8000 	/usr/lib/system/libsystem_containermanager.dylib
0x00007fff2a2b1000 	/usr/lib/system/libsystem_coreservices.dylib
0x00007fff227e8000 	/usr/lib/system/libsystem_darwin.dylib
0x00007fff2a56c000 	/usr/lib/system/libsystem_dnssd.dylib
0x00007fff20273000 	/usr/lib/system/libsystem_featureflags.dylib
0x00007fff203ed000 	/usr/lib/system/libsystem_info.dylib
0x00007fff2a4c5000 	/usr/lib/system/libsystem_m.dylib
0x00007fff201c7000 	/usr/lib/system/libsystem_malloc.dylib
0x00007fff24b9f000 	/usr/lib/system/libsystem_networkextension.dylib
0x00007fff22c07000 	/usr/lib/system/libsystem_notify.dylib
0x00007fff2fe1a000 	/usr/lib/system/libsystem_product_info_filter.dylib
0x00007fff29010000 	/usr/lib/system/libsystem_sandbox.dylib
0x00007fff2a565000 	/usr/lib/system/libsystem_secinit.dylib
0x00007fff2036b000 	/usr/lib/system/libsystem_kernel.dylib
0x00007fff203e3000 	/usr/lib/system/libsystem_platform.dylib
0x00007fff2039b000 	/usr/lib/system/libsystem_pthread.dylib
0x00007fff262e9000 	/usr/lib/system/libsystem_symptoms.dylib
0x00007fff20111000 	/usr/lib/system/libsystem_trace.dylib
0x00007fff2a53c000 	/usr/lib/system/libunwind.dylib
0x00007fff200db000 	/usr/lib/system/libxpc.dylib
0x00007fff20355000 	/usr/lib/libc++abi.dylib
0x00007fff2a547000 	/usr/lib/liboah.dylib
0x00007fff2ac05000 	/usr/lib/liblzma.5.dylib
0x00007fff20edc000 	/System/Library/Frameworks/SystemConfiguration.framework/Versions/A/SystemConfiguration
0x00007fff2a57c000 	/usr/lib/libfakelink.dylib
0x00007fff24700000 	/System/Library/Frameworks/CFNetwork.framework/Versions/A/CFNetwork
0x00007fff2a6bc000 	/usr/lib/libarchive.2.dylib
0x00007fff20f5a000 	/usr/lib/libCRFSuite.dylib
0x00007fff29d2d000 	/usr/lib/libbsm.0.dylib
0x00007fff24079000 	/usr/lib/libnetwork.dylib
0x00007fff2a581000 	/usr/lib/libpcap.A.dylib
0x00007fff262e2000 	/usr/lib/libdns_services.dylib
0x00007fff2ac1e000 	/usr/lib/libcoretls_cfhelpers.dylib
0x00007fff2a7bb000 	/usr/lib/libapple_nghttp2.dylib
0x00007fff2a514000 	/usr/lib/system/libkxld.dylib
0x00007fff2a294000 	/System/Library/PrivateFrameworks/AppleFSCompression.framework/Versions/A/AppleFSCompression
0x00007fff29d15000 	/usr/lib/libcoretls.dylib
0x00007fff2a7ec000 	/usr/lib/libpam.2.dylib
0x00007fff2ad1c000 	/usr/lib/libxar.1.dylib
0x00007fff29017000 	/System/Library/PrivateFrameworks/AppleSystemInfo.framework/Versions/A/AppleSystemInfo
0x00007fff29957000 	/System/Library/PrivateFrameworks/IOMobileFramebuffer.framework/Versions/A/IOMobileFramebuffer
0x00007fff2a2a4000 	/usr/lib/libbz2.1.0.dylib
0x00007fff2a5b9000 	/usr/lib/libiconv.2.dylib
0x00007fff2a50d000 	/usr/lib/libcharset.1.dylib
0x00007fff27190000 	/System/Library/Frameworks/CoreServices.framework/Versions/A/Frameworks/FSEvents.framework/Versions/A/FSEvents
0x00007fff227f2000 	/System/Library/Frameworks/CoreServices.framework/Versions/A/Frameworks/CarbonCore.framework/Versions/A/CarbonCore
0x00007fff264fd000 	/System/Library/Frameworks/CoreServices.framework/Versions/A/Frameworks/Metadata.framework/Versions/A/Metadata
0x00007fff2a2b6000 	/System/Library/Frameworks/CoreServices.framework/Versions/A/Frameworks/OSServices.framework/Versions/A/OSServices
0x00007fff2a72e000 	/System/Library/Frameworks/CoreServices.framework/Versions/A/Frameworks/SearchKit.framework/Versions/A/SearchKit
0x00007fff2626d000 	/System/Library/Frameworks/CoreServices.framework/Versions/A/Frameworks/AE.framework/Versions/A/AE
0x00007fff208b7000 	/System/Library/Frameworks/CoreServices.framework/Versions/A/Frameworks/LaunchServices.framework/Versions/A/LaunchServices
0x00007fff2abb5000 	/System/Library/Frameworks/CoreServices.framework/Versions/A/Frameworks/DictionaryServices.framework/Versions/A/DictionaryServices
0x00007fff2719d000 	/System/Library/Frameworks/CoreServices.framework/Versions/A/Frameworks/SharedFileList.framework/Versions/A/SharedFileList
0x00007fff29d09000 	/usr/lib/libCheckFix.dylib
0x00007fff24c23000 	/System/Library/PrivateFrameworks/TCC.framework/Versions/A/TCC
0x00007fff2901d000 	/System/Library/PrivateFrameworks/CoreNLP.framework/Versions/A/CoreNLP
0x00007fff264b0000 	/System/Library/PrivateFrameworks/MetadataUtilities.framework/Versions/A/MetadataUtilities
0x00007fff20f8f000 	/usr/lib/libmecabra.dylib
0x00007fff2a013000 	/System/Library/Frameworks/MLCompute.framework/Versions/A/MLCompute
0x00007fff29d3e000 	/usr/lib/libmecab.dylib
0x00007fff29d88000 	/usr/lib/libgermantok.dylib
0x00007fff2a796000 	/usr/lib/libThaiTokenizer.dylib
0x00007fff2ad57000 	/usr/lib/libChineseTokenizer.dylib
0x00007fff2a7ea000 	/System/Library/Frameworks/MetalPerformanceShaders.framework/Versions/A/MetalPerformanceShaders
0x00007fff2659f000 	/System/Library/Frameworks/Accelerate.framework/Versions/A/Frameworks/vImage.framework/Versions/A/vImage
0x00007fff2fef2000 	/System/Library/Frameworks/Accelerate.framework/Versions/A/Frameworks/vecLib.framework/Versions/A/vecLib
0x00007fff2ad62000 	/System/Library/Frameworks/Accelerate.framework/Versions/A/Frameworks/vecLib.framework/Versions/A/libvMisc.dylib
0x00007fff29772000 	/System/Library/Frameworks/Accelerate.framework/Versions/A/Frameworks/vecLib.framework/Versions/A/libvDSP.dylib
0x00007fff20bc2000 	/System/Library/Frameworks/Accelerate.framework/Versions/A/Frameworks/vecLib.framework/Versions/A/libBLAS.dylib
0x00007fff2a817000 	/System/Library/Frameworks/Accelerate.framework/Versions/A/Frameworks/vecLib.framework/Versions/A/libLAPACK.dylib
0x00007fff29d8e000 	/System/Library/Frameworks/Accelerate.framework/Versions/A/Frameworks/vecLib.framework/Versions/A/libLinearAlgebra.dylib
0x00007fff2a7d3000 	/System/Library/Frameworks/Accelerate.framework/Versions/A/Frameworks/vecLib.framework/Versions/A/libSparseBLAS.dylib
0x00007fff2a811000 	/System/Library/Frameworks/Accelerate.framework/Versions/A/Frameworks/vecLib.framework/Versions/A/libQuadrature.dylib
0x00007fff290c9000 	/System/Library/Frameworks/Accelerate.framework/Versions/A/Frameworks/vecLib.framework/Versions/A/libBNNS.dylib
0x00007fff20e6d000 	/System/Library/Frameworks/Accelerate.framework/Versions/A/Frameworks/vecLib.framework/Versions/A/libSparse.dylib
0x00007fff28fa5000 	/System/Library/Frameworks/MetalPerformanceShaders.framework/Versions/A/Frameworks/MPSCore.framework/Versions/A/MPSCore
0x00007fff2a203000 	/System/Library/Frameworks/MetalPerformanceShaders.framework/Versions/A/Frameworks/MPSImage.framework/Versions/A/MPSImage
0x00007fff29da4000 	/System/Library/Frameworks/MetalPerformanceShaders.framework/Versions/A/Frameworks/MPSNeuralNetwork.framework/Versions/A/MPSNeuralNetwork
0x00007fff2a175000 	/System/Library/Frameworks/MetalPerformanceShaders.framework/Versions/A/Frameworks/MPSMatrix.framework/Versions/A/MPSMatrix
0x00007fff29fc3000 	/System/Library/Frameworks/MetalPerformanceShaders.framework/Versions/A/Frameworks/MPSRayIntersector.framework/Versions/A/MPSRayIntersector
0x00007fff2a1ac000 	/System/Library/Frameworks/MetalPerformanceShaders.framework/Versions/A/Frameworks/MPSNDArray.framework/Versions/A/MPSNDArray
0x00007fff20aed000 	/System/Library/PrivateFrameworks/MetalTools.framework/Versions/A/MetalTools
0x00007fff29015000 	/System/Library/PrivateFrameworks/AggregateDictionary.framework/Versions/A/AggregateDictionary
0x00007fff2647d000 	/System/Library/PrivateFrameworks/CoreAnalytics.framework/Versions/A/CoreAnalytics
0x00007fff2a798000 	/System/Library/PrivateFrameworks/AppleSauce.framework/Versions/A/AppleSauce
0x00007fff2831b000 	/System/Library/PrivateFrameworks/IOAccelerator.framework/Versions/A/IOAccelerator
0x00007fff6ba77000 	/System/Library/Frameworks/OpenGL.framework/Versions/A/Libraries/libCoreFSCache.dylib
0x00007fff21527000 	/System/Library/PrivateFrameworks/LanguageModeling.framework/Versions/A/LanguageModeling
0x00007fff29945000 	/System/Library/PrivateFrameworks/CoreEmoji.framework/Versions/A/CoreEmoji
0x00007fff290c2000 	/System/Library/PrivateFrameworks/LinguisticData.framework/Versions/A/LinguisticData
0x00007fff20e1f000 	/System/Library/PrivateFrameworks/Lexicon.framework/Versions/A/Lexicon
0x00007fff2a6aa000 	/usr/lib/libcmph.dylib
0x00007fff27170000 	/System/Library/Frameworks/OpenDirectory.framework/Versions/A/Frameworks/CFOpenDirectory.framework/Versions/A/CFOpenDirectory
0x00007fff27160000 	/System/Library/Frameworks/OpenDirectory.framework/Versions/A/OpenDirectory
0x00007fff2ac20000 	/System/Library/PrivateFrameworks/APFS.framework/Versions/A/APFS
0x00007fff29c6b000 	/System/Library/Frameworks/SecurityFoundation.framework/Versions/A/SecurityFoundation
0x00007fff2ad2a000 	/usr/lib/libutil.dylib
0x00007fff22b1d000 	/System/Library/PrivateFrameworks/CoreServicesStore.framework/Versions/A/CoreServicesStore
0x00007fff29d01000 	/System/Library/Frameworks/ServiceManagement.framework/Versions/A/ServiceManagement
0x00007fff2ad2e000 	/usr/lib/libxslt.1.dylib
0x00007fff29cf7000 	/System/Library/PrivateFrameworks/BackgroundTaskManagement.framework/Versions/A/BackgroundTaskManagement
0x00007fff2bce7000 	/System/Library/Frameworks/ImageIO.framework/Versions/A/Resources/libRadiance.dylib
0x00007fff2bcf1000 	/System/Library/Frameworks/ImageIO.framework/Versions/A/Resources/libJPEG.dylib
0x00007fff2bc3b000 	/System/Library/Frameworks/ImageIO.framework/Versions/A/Resources/libPng.dylib
0x00007fff2bc62000 	/System/Library/Frameworks/ImageIO.framework/Versions/A/Resources/libTIFF.dylib
0x00007fff2bd46000 	/System/Library/Frameworks/ImageIO.framework/Versions/A/Resources/libGIF.dylib
0x00007fff2b98d000 	/System/Library/Frameworks/ImageIO.framework/Versions/A/Resources/libJP2.dylib
0x00007fff2b0a9000 	/usr/lib/libexpat.1.dylib
0x00007fff2b943000 	/System/Library/PrivateFrameworks/AppleJPEG.framework/Versions/A/AppleJPEG
0x00007fff28551000 	/System/Library/PrivateFrameworks/FontServices.framework/libFontParser.dylib
0x00007fff26224000 	/System/Library/PrivateFrameworks/RunningBoardServices.framework/Versions/A/RunningBoardServices
0x00007fff2ba6d000 	/System/Library/PrivateFrameworks/WatchdogClient.framework/Versions/A/WatchdogClient
0x00007fff21610000 	/System/Library/Frameworks/CoreDisplay.framework/Versions/A/CoreDisplay
0x00007fff28466000 	/System/Library/Frameworks/CoreMedia.framework/Versions/A/CoreMedia
0x00007fff272f0000 	/System/Library/Frameworks/CoreVideo.framework/Versions/A/CoreVideo
0x00007fff2baa8000 	/System/Library/Frameworks/VideoToolbox.framework/Versions/A/VideoToolbox
0x00007fff261a4000 	/System/Library/PrivateFrameworks/BaseBoard.framework/Versions/A/BaseBoard
0x00007fff2b1ed000 	/System/Library/PrivateFrameworks/PersistentConnection.framework/Versions/A/PersistentConnection
0x00007fff25f45000 	/System/Library/PrivateFrameworks/ProtocolBuffer.framework/Versions/A/ProtocolBuffer
0x00007fff2618c000 	/System/Library/PrivateFrameworks/CommonUtilities.framework/Versions/A/CommonUtilities
0x00007fff2b906000 	/System/Library/PrivateFrameworks/Bom.framework/Versions/A/Bom
0x00007fff2bcdf000 	/System/Library/PrivateFrameworks/GPUWrangler.framework/Versions/A/GPUWrangler
0x00007fff2bcc2000 	/System/Library/PrivateFrameworks/IOPresentment.framework/Versions/A/IOPresentment
0x00007fff2bceb000 	/System/Library/PrivateFrameworks/DSExternalDisplay.framework/Versions/A/DSExternalDisplay
0x00007fff2bd4b000 	/System/Library/PrivateFrameworks/CMCaptureCore.framework/Versions/A/CMCaptureCore
0x00007fff2b689000 	/System/Library/PrivateFrameworks/AppServerSupport.framework/Versions/A/AppServerSupport
0x00007fff2d726000 	/System/Library/PrivateFrameworks/perfdata.framework/Versions/A/perfdata
0x00007fff29c5a000 	/System/Library/PrivateFrameworks/AssertionServices.framework/Versions/A/AssertionServices
0x00007fff21747000 	/System/Library/PrivateFrameworks/AudioToolboxCore.framework/Versions/A/AudioToolboxCore
0x00007fff28449000 	/System/Library/PrivateFrameworks/caulk.framework/Versions/A/caulk
0x00007fff3cbd2000 	/System/Library/PrivateFrameworks/SystemPolicy.framework/Versions/A/SystemPolicy
0x00007fff2aeb8000 	/usr/lib/libIOReport.dylib
0x00007fff2cf62000 	/usr/lib/libSMC.dylib
0x00007fff2bc07000 	/usr/lib/libAudioToolboxUtility.dylib
0x00007fff3d52f000 	/usr/lib/libmis.dylib
0x00007fff6bad3000 	/System/Library/Frameworks/OpenGL.framework/Versions/A/Libraries/libGLU.dylib
0x00007fff6ba96000 	/System/Library/Frameworks/OpenGL.framework/Versions/A/Libraries/libGFXShared.dylib
0x00007fff6bca4000 	/System/Library/Frameworks/OpenGL.framework/Versions/A/Libraries/libGL.dylib
0x00007fff6ba9f000 	/System/Library/Frameworks/OpenGL.framework/Versions/A/Libraries/libGLImage.dylib
0x00007fff6ba93000 	/System/Library/Frameworks/OpenGL.framework/Versions/A/Libraries/libCVMSPluginSupport.dylib
0x00007fff6ba7e000 	/System/Library/Frameworks/OpenGL.framework/Versions/A/Libraries/libCoreVMClient.dylib
0x00007fff6d0ee000 	/System/Library/Frameworks/OpenCL.framework/Versions/A/OpenCL
0x00007fff2b216000 	/System/Library/PrivateFrameworks/GraphVisualizer.framework/Versions/A/GraphVisualizer
0x00007fff2b225000 	/System/Library/PrivateFrameworks/FaceCore.framework/Versions/A/FaceCore
0x00007fff2b641000 	/System/Library/PrivateFrameworks/OTSVG.framework/Versions/A/OTSVG
0x00007fff26ee5000 	/System/Library/Frameworks/ApplicationServices.framework/Versions/A/Frameworks/ATS.framework/Versions/A/Resources/libFontRegistry.dylib
0x00007fff2b690000 	/System/Library/PrivateFrameworks/FontServices.framework/libhvf.dylib
0x00007fff2b055000 	/System/Library/PrivateFrameworks/AppleVA.framework/Versions/A/AppleVA
0x00007fff2cdaa000 	/System/Library/Frameworks/ApplicationServices.framework/Versions/A/Frameworks/ATS.framework/Versions/A/ATS
0x00007fff2d0bd000 	/System/Library/Frameworks/ApplicationServices.framework/Versions/A/Frameworks/ColorSyncLegacy.framework/Versions/A/ColorSyncLegacy
0x00007fff25723000 	/System/Library/Frameworks/ApplicationServices.framework/Versions/A/Frameworks/HIServices.framework/Versions/A/HIServices
0x00007fff2d0a2000 	/System/Library/Frameworks/ApplicationServices.framework/Versions/A/Frameworks/LangAnalysis.framework/Versions/A/LangAnalysis
0x00007fff2bd55000 	/System/Library/Frameworks/ApplicationServices.framework/Versions/A/Frameworks/PrintCore.framework/Versions/A/PrintCore
0x00007fff2d0c5000 	/System/Library/Frameworks/ApplicationServices.framework/Versions/A/Frameworks/QD.framework/Versions/A/QD
0x00007fff2cd9a000 	/System/Library/Frameworks/ApplicationServices.framework/Versions/A/Frameworks/SpeechSynthesis.framework/Versions/A/SpeechSynthesis
0x00007fff2bd16000 	/System/Library/Frameworks/ApplicationServices.framework/Versions/A/Frameworks/ATSUI.framework/Versions/A/ATSUI
0x00007fff2d042000 	/usr/lib/libcups.2.dylib
0x00007fff2d0b2000 	/System/Library/PrivateFrameworks/NetAuth.framework/Versions/A/NetAuth
0x00007fff2d741000 	/System/Library/Frameworks/Kerberos.framework/Versions/A/Kerberos
0x00007fff2d751000 	/System/Library/Frameworks/GSS.framework/Versions/A/GSS
0x00007fff2ce17000 	/usr/lib/libresolv.9.dylib
0x00007fff2b6a6000 	/System/Library/PrivateFrameworks/Heimdal.framework/Versions/A/Heimdal
0x00007fff33408000 	/System/Library/Frameworks/Kerberos.framework/Versions/A/Libraries/libHeimdalProxy.dylib
0x00007fff262f1000 	/System/Library/Frameworks/Network.framework/Versions/A/Network
0x00007fff2b0c2000 	/usr/lib/libheimdal-asn1.dylib
0x00007fff2d7a2000 	/System/Library/PrivateFrameworks/CommonAuth.framework/Versions/A/CommonAuth
0x00007fff2733e000 	/System/Library/PrivateFrameworks/login.framework/Versions/A/Frameworks/loginsupport.framework/Versions/A/loginsupport
0x00007fff2cd21000 	/System/Library/PrivateFrameworks/AudioSession.framework/Versions/A/AudioSession
0x00007fff2cd87000 	/usr/lib/libAudioStatistics.dylib
0x00007fff2b14e000 	/System/Library/PrivateFrameworks/MediaExperience.framework/Versions/A/MediaExperience
0x00007fff2cbba000 	/System/Library/PrivateFrameworks/AudioSession.framework/libSessionUtility.dylib
0x00007fff2d732000 	/usr/lib/libperfcheck.dylib
0x00007fff2d0d1000 	/System/Library/PrivateFrameworks/AudioResourceArbitration.framework/Versions/A/AudioResourceArbitration
0x00007fff2b0cc000 	/System/Library/PrivateFrameworks/IconFoundation.framework/Versions/A/IconFoundation
0x00007fff2fbd5000 	/System/Library/PrivateFrameworks/SpeechRecognitionCore.framework/Versions/A/SpeechRecognitionCore
0x00000001104d5000 	/Applications/RStudio.app/Contents/Frameworks/libgssapi_krb5.2.2.dylib
0x000000011052a000 	/Applications/RStudio.app/Contents/Frameworks/libkrb5.3.3.dylib
0x00000001105f3000 	/Applications/RStudio.app/Contents/Frameworks/libk5crypto.3.1.dylib
0x0000000110630000 	/Applications/RStudio.app/Contents/Frameworks/libcom_err.3.0.dylib
0x0000000110647000 	/Applications/RStudio.app/Contents/Frameworks/libkrb5support.1.1.dylib
0x000000011065f000 	/Library/Frameworks/R.framework/Versions/4.1/Resources/lib/libRblas.dylib
0x0000000110697000 	/Library/Frameworks/R.framework/Versions/4.1/Resources/lib/libgfortran.5.dylib
0x0000000110951000 	/Library/Frameworks/R.framework/Versions/4.1/Resources/lib/libquadmath.0.dylib
0x00007fff40d3a000 	/usr/lib/libncurses.5.4.dylib
0x000000011099d000 	/Library/Frameworks/R.framework/Versions/4.1/Resources/lib/libgcc_s.1.dylib
0x00000001128c0000 	/Library/Frameworks/R.framework/Versions/4.1/Resources/library/methods/libs/methods.so
0x00000001128f3000 	/Library/Frameworks/R.framework/Versions/4.1/Resources/library/utils/libs/utils.so
0x000000011290f000 	/Library/Frameworks/R.framework/Versions/4.1/Resources/library/grDevices/libs/grDevices.so
0x00007fff2b767000 	/System/Library/PrivateFrameworks/login.framework/Versions/A/login
0x000000011296f000 	/Library/Frameworks/R.framework/Versions/4.1/Resources/library/graphics/libs/graphics.so
0x00000001129bf000 	/Library/Frameworks/R.framework/Versions/4.1/Resources/library/stats/libs/stats.so
0x0000000112a8b000 	/Library/Frameworks/R.framework/Versions/4.1/Resources/lib/libRlapack.dylib
0x0000000112cff000 	/Library/Frameworks/R.framework/Versions/4.1/Resources/library/tools/libs/tools.so
0x0000000112d23000 	/Library/Frameworks/R.framework/Versions/4.1/Resources/modules/internet.so
0x00007fff32eb5000 	/usr/lib/libcurl.4.dylib
0x00007fff32c15000 	/usr/lib/libcrypto.44.dylib
0x00007fff32d1b000 	/usr/lib/libssl.46.dylib
0x00007fff32bdb000 	/System/Library/Frameworks/LDAP.framework/Versions/A/LDAP
0x00007fff32c13000 	/System/Library/PrivateFrameworks/TrustEvaluationAgent.framework/Versions/A/TrustEvaluationAgent
0x00007fff2ce30000 	/usr/lib/libsasl2.2.dylib
0x00007fff30146000 	/System/Library/PrivateFrameworks/CoreDaemon.framework/Versions/B/CoreDaemon
0x00007fff30141000 	/System/Library/PrivateFrameworks/AppleSRP.framework/Versions/A/AppleSRP
0x0000000112e4f000 	/Library/Frameworks/R.framework/Versions/4.1/Resources/library/rlang/libs/rlang.so
0x0000000112e87000 	/Library/Frameworks/R.framework/Versions/4.1/Resources/library/vctrs/libs/vctrs.so
0x0000000110525000 	/Library/Frameworks/R.framework/Versions/4.1/Resources/library/glue/libs/glue.so
0x0000000112fad000 	/Library/Frameworks/R.framework/Versions/4.1/Resources/library/magrittr/libs/magrittr.so
0x00000001105ee000 	/Library/Frameworks/R.framework/Versions/4.1/Resources/library/ellipsis/libs/ellipsis.so
0x0000000112fb3000 	/Library/Frameworks/R.framework/Versions/4.1/Resources/library/fansi/libs/fansi.so
0x0000000115000000 	/Library/Frameworks/R.framework/Versions/4.1/Resources/library/utf8/libs/utf8.so
0x0000000112fc6000 	/Library/Frameworks/R.framework/Versions/4.1/Resources/library/tibble/libs/tibble.so
0x0000000112fcc000 	/Library/Frameworks/R.framework/Versions/4.1/Resources/library/purrr/libs/purrr.so
0x0000000112fd6000 	/Library/Frameworks/R.framework/Versions/4.1/Resources/library/dplyr/libs/dplyr.so
0x000000011504f000 	/Library/Frameworks/R.framework/Versions/4.1/Resources/library/tidyr/libs/tidyr.so
0x000000011062b000 	/Library/Frameworks/R.framework/Versions/4.1/Resources/library/backports/libs/backports.so
0x000000011506f000 	/Library/Frameworks/R.framework/Versions/4.1/Resources/library/grid/libs/grid.so
0x00000001150a7000 	/Library/Frameworks/R.framework/Versions/4.1/Resources/library/colorspace/libs/colorspace.so
0x00000001150b9000 	/Library/Frameworks/R.framework/Versions/4.1/Resources/library/haven/libs/haven.so
0x000000011513a000 	/Library/Frameworks/R.framework/Versions/4.1/Resources/library/jsonlite/libs/jsonlite.so
0x000000011514d000 	/Library/Frameworks/R.framework/Versions/4.1/Resources/library/lubridate/libs/lubridate.so
0x000000011518d000 	/Library/Frameworks/R.framework/Versions/4.1/Resources/library/readr/libs/readr.so
0x0000000115219000 	/Library/Frameworks/R.framework/Versions/4.1/Resources/library/tzdb/libs/tzdb.so
0x0000000115266000 	/Library/Frameworks/R.framework/Versions/4.1/Resources/library/Rcpp/libs/Rcpp.so
0x00000001152ff000 	/Library/Frameworks/R.framework/Versions/4.1/Resources/library/readxl/libs/readxl.so
0x0000000115362000 	/Library/Frameworks/R.framework/Versions/4.1/Resources/library/fs/libs/fs.so
0x000000011539e000 	/Library/Frameworks/R.framework/Versions/4.1/Resources/library/xml2/libs/xml2.so
0x0000000115549000 	/Library/Frameworks/R.framework/Versions/4.1/Resources/library/stringi/libs/stringi.so
0x0000000112ff1000 	/Library/Frameworks/R.framework/Versions/4.1/Resources/library/cli/libs/cli.so
0x00007fff2bf4d000 	/System/Library/Frameworks/MediaToolbox.framework/Versions/A/MediaToolbox
0x00007fff30f2e000 	/System/Library/PrivateFrameworks/CoreAVCHD.framework/Versions/A/CoreAVCHD
0x00007fff30115000 	/System/Library/Frameworks/MediaAccessibility.framework/Versions/A/MediaAccessibility
0x00007fff30f2a000 	/System/Library/PrivateFrameworks/Mangrove.framework/Versions/A/Mangrove
0x00007fff30121000 	/System/Library/PrivateFrameworks/AlgosScoreFramework.framework/Versions/A/AlgosScoreFramework
0x00007fff31918000 	/System/Library/PrivateFrameworks/AppleVPA.framework/Versions/A/AppleVPA
0x00007fff30b6f000 	/System/Library/PrivateFrameworks/CoreAUC.framework/Versions/A/CoreAUC
0x00007fff411f6000 	/System/Library/Frameworks/Accelerate.framework/Versions/A/Frameworks/vImage.framework/Versions/A/Libraries/libCGInterfaces.dylib
0x0000000115cda000 	/Library/Frameworks/R.framework/Versions/4.1/Resources/library/foreign/libs/foreign.so
0x0000000115cf9000 	/Library/Frameworks/R.framework/Versions/4.1/Resources/library/lattice/libs/lattice.so
0x0000000115d4d000 	/Library/Frameworks/R.framework/Versions/4.1/Resources/modules/lapack.so
0x0000000116001000 	/Library/Frameworks/R.framework/Versions/4.1/Resources/library/farver/libs/farver.so
0x0000000115efd000 	/Library/Frameworks/R.framework/Versions/4.1/Resources/library/digest/libs/digest.so
0x0000000115da9000 	/Library/Frameworks/R.framework/Versions/4.1/Resources/library/splines/libs/splines.so
0x00000001160e9000 	/Library/Frameworks/R.framework/Versions/4.1/Resources/library/nlme/libs/nlme.so
0x0000000116111000 	/Library/Frameworks/R.framework/Versions/4.1/Resources/library/Matrix/libs/Matrix.so
0x00000001161f3000 	/Library/Frameworks/R.framework/Versions/4.1/Resources/library/mgcv/libs/mgcv.so
0x0000000115f26000 	/Library/Internet Plug-Ins/JavaAppletPlugin.plugin/Contents/Home/lib/jli/libjli.dylib
0x00007fff34eeb000 	/System/Library/Frameworks/Cocoa.framework/Versions/A/Cocoa
0x0000000118498000 	/Library/Internet Plug-Ins/JavaAppletPlugin.plugin/Contents/Home/lib/server/libjvm.dylib
0x00007fff7803c000 	/usr/lib/libstdc++.6.dylib
0x000000011629f000 	/Library/Frameworks/R.framework/Versions/4.1/Resources/library/rJava/libs/rJava.so
0x00000001162b3000 	/Library/Internet Plug-Ins/JavaAppletPlugin.plugin/Contents/Home/lib/libverify.dylib
0x00000001162c1000 	/Library/Internet Plug-Ins/JavaAppletPlugin.plugin/Contents/Home/lib/libjava.dylib
0x00000001162f7000 	/Library/Internet Plug-Ins/JavaAppletPlugin.plugin/Contents/Home/lib/libzip.dylib

VM Arguments:
jvm_args: -Djava.awt.headless=true -Xmx512m -Xrs vfprintf exit -Xss2m 
java_command: <unknown>
java_class_path (initial): /Library/Frameworks/R.framework/Versions/4.1/Resources/library/rJava/java/boot
Launcher Type: generic

Environment Variables:
PATH=/usr/bin:/bin:/usr/sbin:/sbin:/usr/local/bin:/Library/TeX/texbin:/opt/X11/bin:/Library/Apple/usr/bin:/Applications/RStudio.app/Contents/MacOS/postback
SHELL=/bin/zsh
DISPLAY=/private/tmp/com.apple.launchd.xDSBigkcy9/org.xquartz:0
DYLD_LIBRARY_PATH=/Library/Internet Plug-Ins/JavaAppletPlugin.plugin/Contents/Home/lib/server
DYLD_FALLBACK_LIBRARY_PATH=/Library/Frameworks/R.framework/Resources/lib:/Users/josecalatayud/lib:/usr/local/lib:/usr/lib:::/lib:/Library/Java/JavaVirtualMachines/jdk1.8.0_241.jdk/Contents/Home/jre/lib/server

Signal Handlers:
SIGSEGV: [libjvm.dylib+0x5bc2ff], sa_mask[0]=11111111011111110111111111111111, sa_flags=SA_ONSTACK|SA_RESTART|SA_SIGINFO
SIGBUS: [libjvm.dylib+0x5bc2ff], sa_mask[0]=11111111011111110111111111111111, sa_flags=SA_RESTART|SA_SIGINFO
SIGFPE: [libjvm.dylib+0x48d41c], sa_mask[0]=11111111011111110111111111111111, sa_flags=SA_RESTART|SA_SIGINFO
SIGPIPE: [libjvm.dylib+0x48d41c], sa_mask[0]=11111111011111110111111111111111, sa_flags=SA_RESTART|SA_SIGINFO
SIGXFSZ: [libjvm.dylib+0x48d41c], sa_mask[0]=11111111011111110111111111111111, sa_flags=SA_RESTART|SA_SIGINFO
SIGILL: [libjvm.dylib+0x48d41c], sa_mask[0]=11111111011111110111111111111111, sa_flags=SA_RESTART|SA_SIGINFO
SIGUSR1: SIG_IGN, sa_mask[0]=00000000000000000000000000000000, sa_flags=none
SIGUSR2: [libjvm.dylib+0x48cf3a], sa_mask[0]=10000000000000000000000000000000, sa_flags=SA_RESTART|SA_SIGINFO
SIGHUP: SIG_DFL, sa_mask[0]=00000000000000000000000000000000, sa_flags=none
SIGINT: [rsession+0x16f960], sa_mask[0]=00000000000000000000000000000000, sa_flags=SA_RESTART
SIGTERM: SIG_DFL, sa_mask[0]=00000000000000000000000000000000, sa_flags=none
SIGQUIT: SIG_DFL, sa_mask[0]=00000000000000000000000000000000, sa_flags=none


---------------  S Y S T E M  ---------------

OS:Bsduname:Darwin 20.6.0 Darwin Kernel Version 20.6.0: Wed Jun 23 00:26:31 PDT 2021; root:xnu-7195.141.2~5/RELEASE_X86_64 x86_64
rlimit: STACK 8192k, CORE 0k, NPROC 1392, NOFILE 10240, AS infinity
load average:2.20 2.14 2.83

CPU:total 4 (initial active 4) (2 cores per cpu, 2 threads per core) family 6 model 142 stepping 9, cmov, cx8, fxsr, mmx, sse, sse2, sse3, ssse3, sse4.1, sse4.2, popcnt, avx, avx2, aes, clmul, erms, rtm, 3dnowpref, lzcnt, ht, tsc, tscinvbit, bmi1, bmi2, adx

Memory: 4k page, physical 8388608k(16064k free)

/proc/meminfo:


vm_info: Java HotSpot(TM) 64-Bit Server VM (25.251-b08) for bsd-amd64 JRE (1.8.0_251-b08), built on Mar 12 2020 02:36:37 by "java_re" with gcc 4.2.1 (Based on Apple Inc. build 5658) (LLVM build 2336.11.00)

time: Fri Jan  7 03:15:55 2022
timezone: CET
elapsed time: 4012 seconds (0d 1h 6m 52s)

